[2026-04-12 11:32:28,400] multiqc                                            [DEBUG  ]  This is MultiQC v1.18
[2026-04-12 11:32:28,401] multiqc                                            [DEBUG  ]  Command used: /usr/bin/multiqc .
[2026-04-12 11:32:28,917] multiqc                                            [WARNING]  MultiQC Version v1.33 now available!
[2026-04-12 11:32:28,918] multiqc                                            [DEBUG  ]  Working dir : /home/agoc/quality_reports
[2026-04-12 11:32:28,918] multiqc                                            [DEBUG  ]  Template    : default
[2026-04-12 11:32:28,918] multiqc                                            [DEBUG  ]  Running Python 3.12.3 (main, Mar  3 2026, 12:15:18) [GCC 13.3.0]
[2026-04-12 11:32:28,919] multiqc                                            [DEBUG  ]  Analysing modules: custom_content, ccs, ngsderive, purple, conpair, lima, peddy, somalier, methylQA, mosdepth, phantompeakqualtools, qualimap, preseq, hifiasm, quast, qorts, rna_seqc, rockhopper, rsem, rseqc, busco, bustools, goleft_indexcov, gffcompare, disambiguate, supernova, deeptools, sargasso, verifybamid, mirtrace, happy, mirtop, sambamba, gopeaks, homer, hops, macs2, theta2, snpeff, gatk, htseq, bcftools, featureCounts, fgbio, dragen, dragen_fastqc, dedup, pbmarkdup, damageprofiler, mapdamage, biobambam2, jcvi, mtnucratio, picard, vep, bakta, prokka, qc3C, nanostat, samblaster, samtools, sexdeterrmine, seqera_cli, eigenstratdatabasetools, bamtools, jellyfish, vcftools, longranger, stacks, varscan2, snippy, umitools, truvari, bbmap, bismark, biscuit, diamond, hicexplorer, hicup, hicpro, salmon, kallisto, slamdunk, star, hisat2, tophat, bowtie2, bowtie1, cellranger, snpsplit, odgi, pangolin, nextclade, freyja, humid, kat, leehom, librarian, adapterRemoval, bbduk, clipandmerge, cutadapt, flexbar, sourmash, kaiju, bracken, kraken, malt, motus, trimmomatic, sickle, skewer, sortmerna, biobloomtools, fastq_screen, afterqc, fastp, fastqc, filtlong, prinseqplusplus, pychopper, porechop, pycoqc, minionqc, anglerfish, multivcfanalyzer, clusterflow, checkqc, bcl2fastq, bclconvert, interop, ivar, flash, seqyclean, optitype, whatshap, xenome, xengsort
[2026-04-12 11:32:28,920] multiqc                                            [DEBUG  ]  Using temporary directory for creating report: /tmp/tmpg8v96mgo
[2026-04-12 11:32:28,922] multiqc                                            [INFO   ]  Search path : /home/agoc/quality_reports
[2026-04-12 11:32:29,026] multiqc                                            [DEBUG  ]  Summary of files that were skipped by the search: [skipped_module_specific_max_filesize: 24] // [skipped_no_match: 2]
[2026-04-12 11:32:29,498] multiqc.plots.bargraph                             [DEBUG  ]  Using matplotlib version 3.6.3
[2026-04-12 11:32:29,499] multiqc.plots.linegraph                            [DEBUG  ]  Using matplotlib version 3.6.3
[2026-04-12 11:32:29,499] multiqc                                            [DEBUG  ]  No samples found: custom_content
[2026-04-12 11:32:29,589] multiqc.modules.fastqc.fastqc                      [INFO   ]  Found 2 reports
[2026-04-12 11:32:29,612] multiqc.utils.software_versions                    [DEBUG  ]  Reading software versions from config.software_versions
[2026-04-12 11:32:29,617] multiqc                                            [DEBUG  ]  Compressing plot data
[2026-04-12 11:32:29,643] multiqc                                            [INFO   ]  Report      : multiqc_report.html
[2026-04-12 11:32:29,643] multiqc                                            [INFO   ]  Data        : multiqc_data
[2026-04-12 11:32:29,643] multiqc                                            [DEBUG  ]  Moving data file from '/tmp/tmpg8v96mgo/multiqc_data' to '/home/agoc/quality_reports/multiqc_data'
[2026-04-12 11:32:29,645] multiqc                                            [DEBUG  ]  Full report path: /home/agoc/quality_reports/multiqc_report.html
[2026-04-12 11:32:29,678] multiqc                                            [ERROR  ]  Could not include file 'assets/js/packages/jszip.min.js': [Errno 2] No such file or directory: '/tmp/tmpg8v96mgo/assets/js/packages/jszip.min.js'
[2026-04-12 11:32:29,737] multiqc                                            [INFO   ]  MultiQC complete
